\BOOKMARK [0][-]{chapter.1}{Overview}{}% 1
\BOOKMARK [1][-]{section.1.1}{Interactive\040theorem\040proving}{chapter.1}% 2
\BOOKMARK [1][-]{section.1.2}{History\040of\040transcendental\040numbers}{chapter.1}% 3
\BOOKMARK [0][-]{chapter.2}{Brief\040introduction\040to\040Lean}{}% 4
\BOOKMARK [1][-]{section.2.1}{Simple\040type\040theory}{chapter.2}% 5
\BOOKMARK [2][-]{subsection.2.1.1}{Proposition\040as\040type}{section.2.1}% 6
\BOOKMARK [1][-]{section.2.2}{Lean\040and\040mathlib}{chapter.2}% 7
\BOOKMARK [2][-]{subsection.2.2.1}{prove\040a\040conjunction}{section.2.2}% 8
\BOOKMARK [2][-]{subsection.2.2.2}{prove\040a\040disjunction}{section.2.2}% 9
\BOOKMARK [2][-]{subsection.2.2.3}{prove\040an\040implication}{section.2.2}% 10
\BOOKMARK [2][-]{subsection.2.2.4}{prove\040an\040equivalence}{section.2.2}% 11
\BOOKMARK [2][-]{subsection.2.2.5}{prove\040a\040negation}{section.2.2}% 12
\BOOKMARK [2][-]{subsection.2.2.6}{prove\040a\040proposition\040with\040}{section.2.2}% 13
\BOOKMARK [2][-]{subsection.2.2.7}{prove\040a\040proposition\040with\040}{section.2.2}% 14
\BOOKMARK [1][-]{section.2.3}{An\040example}{chapter.2}% 15
\BOOKMARK [0][-]{chapter.3}{Formalisation\040using\040Lean}{}% 16
\BOOKMARK [1][-]{section*.2}{Logistics\040of\040the\040formalisation}{chapter.3}% 17
\BOOKMARK [1][-]{section.3.1}{Countability\040argument}{chapter.3}% 18
\BOOKMARK [1][-]{section.3.2}{Liouville's\040theorem\040and\040Liouville\040numbers}{chapter.3}% 19
\BOOKMARK [2][-]{section*.10}{General\040theory\040about\040Liouville\040number}{section.3.2}% 20
\BOOKMARK [2][-]{section*.12}{Construction\040of\040a\040Liouville\040number}{section.3.2}% 21
\BOOKMARK [1][-]{section.3.3}{Hermite's\040theorem}{chapter.3}% 22
\BOOKMARK [2][-]{section*.13}{Transcendence\040of\040e}{section.3.3}% 23
\BOOKMARK [0][-]{chapter*.15}{Conclusion\040and\040future\040work}{}% 24
\BOOKMARK [0][-]{chapter*.16}{Bibliography}{}% 25
